<?xml version="1.0" encoding="UTF-8"?>
<testsuite name="starter.CucumberTestSuite" tests="0" skipped="0" failures="0" errors="0" timestamp="1970-01-01T00:00:00" hostname="CAGUTIERREZ" time="0.0">
  <properties/>
  <system-out><![CDATA[22:56:50.912 [Test worker] INFO   - 

-------------------------------------------------------------------------------------
     _______. _______ .______       _______ .__   __.  __  .___________.____    ____ 
    /       ||   ____||   _  \     |   ____||  \ |  | |  | |           |\   \  /   / 
   |   (----`|  |__   |  |_)  |    |  |__   |   \|  | |  | `---|  |----` \   \/   /  
    \   \    |   __|  |      /     |   __|  |  . `  | |  |     |  |       \_    _/   
.----)   |   |  |____ |  |\  \----.|  |____ |  |\   | |  |     |  |         |  |     
|_______/    |_______|| _| `._____||_______||__| \__| |__|     |__|         |__|    
                                                                                     
 News and tutorials at http://www.serenity-bdd.info                                  
 Documentation at https://wakaleo.gitbooks.io/the-serenity-book/content/             
 Join the Serenity Community on Gitter: https://gitter.im/serenity-bdd/serenity-core 
 Serenity BDD Support and Training at http://serenity-bdd.info/#/trainingandsupport  
 Learn Serenity BDD online at https://www.serenitydojo.net                           
-------------------------------------------------------------------------------------

22:56:50.924 [Test worker] INFO   - Test Suite Started: Agrego producto
22:56:50.953 [Test worker] INFO   - Test Suite Started: Busqueda de producto
22:56:50.958 [Test worker] INFO   - Test Suite Started: Quito producto
22:57:32.070 [Test worker] INFO   - 
        __    _____ _____ ____ _____   ____   _    ____  ____  _____ ____  
  _     \ \  |_   _| ____/ ___|_   _| |  _ \ / \  / ___|/ ___|| ____|  _ \ 
 (_)_____| |   | | |  _| \___ \ | |   | |_) / _ \ \___ \\___ \|  _| | | | |
  _|_____| |   | | | |___ ___) || |   |  __/ ___ \ ___) |___) | |___| |_| |
 (_)     | |   |_| |_____|____/ |_|   |_| /_/   \_\____/|____/|_____|____/ 
        /_/                                                                

Como usuario requiero agregar mi producto al carrito de compras
----------------------------------------------------------------------------
22:57:59.665 [Test worker] INFO   - 
        __    _____ _____ ____ _____   ____   _    ____  ____  _____ ____  
  _     \ \  |_   _| ____/ ___|_   _| |  _ \ / \  / ___|/ ___|| ____|  _ \ 
 (_)_____| |   | | |  _| \___ \ | |   | |_) / _ \ \___ \\___ \|  _| | | | |
  _|_____| |   | | | |___ ___) || |   |  __/ ___ \ ___) |___) | |___| |_| |
 (_)     | |   |_| |_____|____/ |_|   |_| /_/   \_\____/|____/|_____|____/ 
        /_/                                                                

Como usuario requiero realizar una busqueda de mi producto
----------------------------------------------------------------------------
22:57:59.697 [Test worker] INFO   - 
          __  _____ _____ ____ _____   ____  _____ _   _ ____ ___ _   _  ____ 
 _       / / |_   _| ____/ ___|_   _| |  _ \| ____| \ | |  _ \_ _| \ | |/ ___|
(_)____ / /    | | |  _| \___ \ | |   | |_) |  _| |  \| | | | | ||  \| | |  _ 
 |_____/ /     | | | |___ ___) || |   |  __/| |___| |\  | |_| | || |\  | |_| |
(_)   /_/      |_| |_____|____/ |_|   |_|   |_____|_| \_|____/___|_| \_|\____|

Como usuario requiero quitar un producto del carrito de compras
-------------------------------------------------------------------------------
]]></system-out>
  <system-err><![CDATA[feb 16, 2021 10:56:51 PM cucumber.runtime.java.ObjectFactoryLoader loadSingleObjectFactory
ADVERTENCIA: Loading deprecated ObjectFactory from runtime via reflection: cucumber.runtime.SerenityObjectFactory
]]></system-err>
</testsuite>
