<?xml version="1.0" encoding="UTF-8"?>
<testsuite name="Agrego producto" tests="1" skipped="0" failures="0" errors="0" timestamp="2021-02-17T03:56:51" hostname="CAGUTIERREZ" time="38.684">
  <properties/>
  <testcase name="Como usuario requiero agregar mi producto al carrito de compras" classname="Agrego producto" time="38.684"/>
  <system-out><![CDATA[Feature: Agrego producto

  Scenario: Como usuario requiero agregar mi producto al carrito de compras ?[90m# src/test/resources/features/carrito_compras/agregar.feature:2?[0m
22:56:51.443 [Test worker] INFO   - 
 _____ _____ ____ _____   ____ _____  _    ____ _____ _____ ____  
|_   _| ____/ ___|_   _| / ___|_   _|/ \  |  _ \_   _| ____|  _ \ 
  | | |  _| \___ \ | |   \___ \ | | / _ \ | |_) || | |  _| | | | |
  | | | |___ ___) || |    ___) || |/ ___ \|  _ < | | | |___| |_| |
  |_| |_____|____/ |_|   |____/ |_/_/   \_\_| \_\|_| |_____|____/ 

Como usuario requiero agregar mi producto al carrito de compras(agrego-producto;como-usuario-requiero-agregar-mi-producto-al-carrito-de-compras)
-------------------------------------------------------------------
    ?[32mGiven ?[0m?[32m?[0m?[32m?[1mcarlos?[0m?[32m consulta el producto preferido?[0m                             ?[90m# AgregarStepDefinitions.consulta_el_producto_preferido(String)?[0m
22:56:53.530 [Test worker] INFO  n.s.c.w.d.ProvideNewDriver - Instantiating driver
22:56:53.531 [Test worker] INFO  n.s.c.w.d.ProvideNewDriver - Driver capabilities: Capabilities {acceptInsecureCerts: false, browserName: chrome, chrome.switches: --start-maximized;--test-ty..., goog:chromeOptions: {args: [--start-maximized, --test-type, --no-sandbox, --ignore-certificate-errors..., --disable-popup-blocking, --disable-default-apps, --disable-extensions-file-a..., --incognito, --disable-infobars, --disable-gpu], extensions: []}, loggingPrefs: org.openqa.selenium.logging..., platform: ANY, version: }
    ?[32mWhen ?[0m?[32mSe agrega la carrito el producto seleccionado?[0m                      ?[90m# AgregarStepDefinitions.se_agrega_la_carrito_el_producto_seleccionado()?[0m
    ?[32mThen ?[0m?[32mobtengo el producto en el carrito de compras?[0m                       ?[90m# AgregarStepDefinitions.obtengo_el_producto_en_el_carrito_de_compras()?[0m
]]></system-out>
  <system-err><![CDATA[feb 16, 2021 10:56:52 PM org.openqa.selenium.remote.DesiredCapabilities chrome
INFORMACIÓN: Using `new ChromeOptions()` is preferred to `DesiredCapabilities.chrome()`
Starting ChromeDriver 86.0.4240.22 (398b0743353ff36fb1b82468f63a3a93b4e2e89e-refs/branch-heads/4240@{#378}) on port 37962
Only local connections are allowed.
Please see https://chromedriver.chromium.org/security-considerations for suggestions on keeping ChromeDriver safe.
ChromeDriver was started successfully.
feb 16, 2021 10:57:05 PM org.openqa.selenium.remote.ProtocolHandshake createSession
INFORMACIÓN: Detected dialect: W3C
]]></system-err>
</testsuite>
