<?xml version="1.0" encoding="UTF-8"?>
<testsuite name="Busqueda de producto" tests="1" skipped="0" failures="0" errors="0" timestamp="2021-02-17T03:57:32" hostname="CAGUTIERREZ" time="25.793">
  <properties/>
  <testcase name="Como usuario requiero realizar una busqueda de mi producto" classname="Busqueda de producto" time="25.793"/>
  <system-out><![CDATA[
Feature: Busqueda de producto

  Scenario: Como usuario requiero realizar una busqueda de mi producto ?[90m# src/test/resources/features/carrito_compras/consulta.feature:2?[0m
22:57:32.078 [Test worker] INFO   - 
 _____ _____ ____ _____   ____ _____  _    ____ _____ _____ ____  
|_   _| ____/ ___|_   _| / ___|_   _|/ \  |  _ \_   _| ____|  _ \ 
  | | |  _| \___ \ | |   \___ \ | | / _ \ | |_) || | |  _| | | | |
  | | | |___ ___) || |    ___) || |/ ___ \|  _ < | | | |___| |_| |
  |_| |_____|____/ |_|   |____/ |_/_/   \_\_| \_\|_| |_____|____/ 

Como usuario requiero realizar una busqueda de mi producto(busqueda-de-producto;como-usuario-requiero-realizar-una-busqueda-de-mi-producto)
-------------------------------------------------------------------
    ?[32mGiven ?[0m?[32m?[0m?[32m?[1mcarlos?[0m?[32m ingresa al navegador web en la pagina de la tienda?[0m    ?[90m# ConsultaStepDefinitions.un_navegador_web_en_la_pagina_de_la_tienda(String)?[0m
22:57:32.588 [Test worker] INFO  n.s.c.w.d.ProvideNewDriver - Instantiating driver
22:57:32.588 [Test worker] INFO  n.s.c.w.d.ProvideNewDriver - Driver capabilities: Capabilities {acceptInsecureCerts: false, browserName: chrome, chrome.switches: --start-maximized;--test-ty..., goog:chromeOptions: {args: [--start-maximized, --test-type, --no-sandbox, --ignore-certificate-errors..., --disable-popup-blocking, --disable-default-apps, --disable-extensions-file-a..., --incognito, --disable-infobars, --disable-gpu], extensions: []}, loggingPrefs: org.openqa.selenium.logging..., platform: ANY, version: }
    ?[32mWhen ?[0m?[32mSe introduce la palabra de busqueda ?[0m?[32m?[1m"Aceite de Oliva"?[0m         ?[90m# ConsultaStepDefinitions.se_introduce_la_palabra_de_busqueda(String)?[0m
+++++++++++++Aceite de Oliva Carbonell Virgen Spray 200 ml
    ?[32mThen ?[0m?[32mSe muestra el resultado de ?[0m?[32m?[1m"Aceite de Oliva"?[0m                  ?[90m# ConsultaStepDefinitions.se_muestra_el_resultado_de(String)?[0m
]]></system-out>
  <system-err><![CDATA[feb 16, 2021 10:57:32 PM org.openqa.selenium.remote.DesiredCapabilities chrome
INFORMACIÓN: Using `new ChromeOptions()` is preferred to `DesiredCapabilities.chrome()`
Starting ChromeDriver 86.0.4240.22 (398b0743353ff36fb1b82468f63a3a93b4e2e89e-refs/branch-heads/4240@{#378}) on port 46933
Only local connections are allowed.
Please see https://chromedriver.chromium.org/security-considerations for suggestions on keeping ChromeDriver safe.
ChromeDriver was started successfully.
feb 16, 2021 10:57:36 PM org.openqa.selenium.remote.ProtocolHandshake createSession
INFORMACIÓN: Detected dialect: W3C
]]></system-err>
</testsuite>
